<?xml version="1.0" encoding="UTF-8"?>
<testsuite xmlns:xsi="http://www.w3.org/2001/XMLSchema-instance" xsi:noNamespaceSchemaLocation="https://maven.apache.org/surefire/maven-surefire-plugin/xsd/surefire-test-report.xsd" version="3.0.2" name="com.company.camel.ThreadBlockingDemoTest" time="3.487" tests="2" errors="0" skipped="0" failures="0">
  <properties>
    <property name="java.specification.version" value="21"/>
    <property name="sun.jnu.encoding" value="UTF-8"/>
    <property name="java.class.path" value="/home/seshu/Documents/Java/camel-mq-processor/target/test-classes:/home/seshu/Documents/Java/camel-mq-processor/target/classes:/home/seshu/.m2/repository/org/springframework/boot/spring-boot-starter/3.4.2/spring-boot-starter-3.4.2.jar:/home/seshu/.m2/repository/org/springframework/boot/spring-boot/3.4.2/spring-boot-3.4.2.jar:/home/seshu/.m2/repository/org/springframework/spring-context/6.2.2/spring-context-6.2.2.jar:/home/seshu/.m2/repository/org/springframework/boot/spring-boot-autoconfigure/3.4.2/spring-boot-autoconfigure-3.4.2.jar:/home/seshu/.m2/repository/org/springframework/boot/spring-boot-starter-logging/3.4.2/spring-boot-starter-logging-3.4.2.jar:/home/seshu/.m2/repository/ch/qos/logback/logback-classic/1.5.16/logback-classic-1.5.16.jar:/home/seshu/.m2/repository/ch/qos/logback/logback-core/1.5.16/logback-core-1.5.16.jar:/home/seshu/.m2/repository/org/apache/logging/log4j/log4j-to-slf4j/2.24.3/log4j-to-slf4j-2.24.3.jar:/home/seshu/.m2/repository/org/apache/logging/log4j/log4j-api/2.24.3/log4j-api-2.24.3.jar:/home/seshu/.m2/repository/org/slf4j/jul-to-slf4j/2.0.16/jul-to-slf4j-2.0.16.jar:/home/seshu/.m2/repository/jakarta/annotation/jakarta.annotation-api/2.1.1/jakarta.annotation-api-2.1.1.jar:/home/seshu/.m2/repository/org/springframework/spring-core/6.2.2/spring-core-6.2.2.jar:/home/seshu/.m2/repository/org/springframework/spring-jcl/6.2.2/spring-jcl-6.2.2.jar:/home/seshu/.m2/repository/org/yaml/snakeyaml/2.3/snakeyaml-2.3.jar:/home/seshu/.m2/repository/org/springframework/boot/spring-boot-starter-web/3.4.2/spring-boot-starter-web-3.4.2.jar:/home/seshu/.m2/repository/org/springframework/boot/spring-boot-starter-json/3.4.2/spring-boot-starter-json-3.4.2.jar:/home/seshu/.m2/repository/com/fasterxml/jackson/core/jackson-databind/2.18.2/jackson-databind-2.18.2.jar:/home/seshu/.m2/repository/com/fasterxml/jackson/core/jackson-annotations/2.18.2/jackson-annotations-2.18.2.jar:/home/seshu/.m2/repository/com/fasterxml/jackson/core/jackson-core/2.18.2/jackson-core-2.18.2.jar:/home/seshu/.m2/repository/com/fasterxml/jackson/datatype/jackson-datatype-jdk8/2.18.2/jackson-datatype-jdk8-2.18.2.jar:/home/seshu/.m2/repository/com/fasterxml/jackson/datatype/jackson-datatype-jsr310/2.18.2/jackson-datatype-jsr310-2.18.2.jar:/home/seshu/.m2/repository/com/fasterxml/jackson/module/jackson-module-parameter-names/2.18.2/jackson-module-parameter-names-2.18.2.jar:/home/seshu/.m2/repository/org/springframework/boot/spring-boot-starter-tomcat/3.4.2/spring-boot-starter-tomcat-3.4.2.jar:/home/seshu/.m2/repository/org/apache/tomcat/embed/tomcat-embed-core/10.1.34/tomcat-embed-core-10.1.34.jar:/home/seshu/.m2/repository/org/apache/tomcat/embed/tomcat-embed-el/10.1.34/tomcat-embed-el-10.1.34.jar:/home/seshu/.m2/repository/org/apache/tomcat/embed/tomcat-embed-websocket/10.1.34/tomcat-embed-websocket-10.1.34.jar:/home/seshu/.m2/repository/org/springframework/spring-web/6.2.2/spring-web-6.2.2.jar:/home/seshu/.m2/repository/org/springframework/spring-beans/6.2.2/spring-beans-6.2.2.jar:/home/seshu/.m2/repository/org/springframework/spring-webmvc/6.2.2/spring-webmvc-6.2.2.jar:/home/seshu/.m2/repository/org/springframework/spring-expression/6.2.2/spring-expression-6.2.2.jar:/home/seshu/.m2/repository/org/springframework/boot/spring-boot-starter-webflux/3.4.2/spring-boot-starter-webflux-3.4.2.jar:/home/seshu/.m2/repository/org/springframework/boot/spring-boot-starter-reactor-netty/3.4.2/spring-boot-starter-reactor-netty-3.4.2.jar:/home/seshu/.m2/repository/io/projectreactor/netty/reactor-netty-http/1.2.2/reactor-netty-http-1.2.2.jar:/home/seshu/.m2/repository/io/netty/netty-codec-http/4.1.117.Final/netty-codec-http-4.1.117.Final.jar:/home/seshu/.m2/repository/io/netty/netty-common/4.1.117.Final/netty-common-4.1.117.Final.jar:/home/seshu/.m2/repository/io/netty/netty-buffer/4.1.117.Final/netty-buffer-4.1.117.Final.jar:/home/seshu/.m2/repository/io/netty/netty-transport/4.1.117.Final/netty-transport-4.1.117.Final.jar:/home/seshu/.m2/repository/io/netty/netty-codec/4.1.117.Final/netty-codec-4.1.117.Final.jar:/home/seshu/.m2/repository/io/netty/netty-handler/4.1.117.Final/netty-handler-4.1.117.Final.jar:/home/seshu/.m2/repository/io/netty/netty-codec-http2/4.1.117.Final/netty-codec-http2-4.1.117.Final.jar:/home/seshu/.m2/repository/io/netty/netty-resolver-dns/4.1.117.Final/netty-resolver-dns-4.1.117.Final.jar:/home/seshu/.m2/repository/io/netty/netty-resolver/4.1.117.Final/netty-resolver-4.1.117.Final.jar:/home/seshu/.m2/repository/io/netty/netty-codec-dns/4.1.117.Final/netty-codec-dns-4.1.117.Final.jar:/home/seshu/.m2/repository/io/netty/netty-resolver-dns-native-macos/4.1.117.Final/netty-resolver-dns-native-macos-4.1.117.Final-osx-x86_64.jar:/home/seshu/.m2/repository/io/netty/netty-resolver-dns-classes-macos/4.1.117.Final/netty-resolver-dns-classes-macos-4.1.117.Final.jar:/home/seshu/.m2/repository/io/netty/netty-transport-native-epoll/4.1.117.Final/netty-transport-native-epoll-4.1.117.Final-linux-x86_64.jar:/home/seshu/.m2/repository/io/netty/netty-transport-native-unix-common/4.1.117.Final/netty-transport-native-unix-common-4.1.117.Final.jar:/home/seshu/.m2/repository/io/netty/netty-transport-classes-epoll/4.1.117.Final/netty-transport-classes-epoll-4.1.117.Final.jar:/home/seshu/.m2/repository/io/projectreactor/netty/reactor-netty-core/1.2.2/reactor-netty-core-1.2.2.jar:/home/seshu/.m2/repository/io/netty/netty-handler-proxy/4.1.117.Final/netty-handler-proxy-4.1.117.Final.jar:/home/seshu/.m2/repository/io/netty/netty-codec-socks/4.1.117.Final/netty-codec-socks-4.1.117.Final.jar:/home/seshu/.m2/repository/org/springframework/spring-webflux/6.2.2/spring-webflux-6.2.2.jar:/home/seshu/.m2/repository/io/projectreactor/reactor-core/3.7.2/reactor-core-3.7.2.jar:/home/seshu/.m2/repository/org/reactivestreams/reactive-streams/1.0.4/reactive-streams-1.0.4.jar:/home/seshu/.m2/repository/org/springframework/boot/spring-boot-starter-actuator/3.4.2/spring-boot-starter-actuator-3.4.2.jar:/home/seshu/.m2/repository/org/springframework/boot/spring-boot-actuator-autoconfigure/3.4.2/spring-boot-actuator-autoconfigure-3.4.2.jar:/home/seshu/.m2/repository/org/springframework/boot/spring-boot-actuator/3.4.2/spring-boot-actuator-3.4.2.jar:/home/seshu/.m2/repository/io/micrometer/micrometer-observation/1.14.4/micrometer-observation-1.14.4.jar:/home/seshu/.m2/repository/io/micrometer/micrometer-jakarta9/1.14.4/micrometer-jakarta9-1.14.4.jar:/home/seshu/.m2/repository/org/springframework/boot/spring-boot-starter-amqp/3.4.2/spring-boot-starter-amqp-3.4.2.jar:/home/seshu/.m2/repository/org/springframework/spring-messaging/6.2.2/spring-messaging-6.2.2.jar:/home/seshu/.m2/repository/org/springframework/amqp/spring-rabbit/3.2.2/spring-rabbit-3.2.2.jar:/home/seshu/.m2/repository/org/springframework/amqp/spring-amqp/3.2.2/spring-amqp-3.2.2.jar:/home/seshu/.m2/repository/org/springframework/retry/spring-retry/2.0.11/spring-retry-2.0.11.jar:/home/seshu/.m2/repository/com/rabbitmq/amqp-client/5.22.0/amqp-client-5.22.0.jar:/home/seshu/.m2/repository/org/springframework/data/spring-data-redis/3.4.2/spring-data-redis-3.4.2.jar:/home/seshu/.m2/repository/org/springframework/data/spring-data-keyvalue/3.4.2/spring-data-keyvalue-3.4.2.jar:/home/seshu/.m2/repository/org/springframework/data/spring-data-commons/3.4.2/spring-data-commons-3.4.2.jar:/home/seshu/.m2/repository/org/springframework/spring-tx/6.2.2/spring-tx-6.2.2.jar:/home/seshu/.m2/repository/org/springframework/spring-oxm/6.2.2/spring-oxm-6.2.2.jar:/home/seshu/.m2/repository/org/springframework/spring-aop/6.2.2/spring-aop-6.2.2.jar:/home/seshu/.m2/repository/org/springframework/spring-context-support/6.2.2/spring-context-support-6.2.2.jar:/home/seshu/.m2/repository/org/slf4j/slf4j-api/2.0.16/slf4j-api-2.0.16.jar:/home/seshu/.m2/repository/org/apache/camel/springboot/camel-spring-boot-starter/4.10.0/camel-spring-boot-starter-4.10.0.jar:/home/seshu/.m2/repository/org/apache/camel/springboot/camel-spring-boot/4.10.0/camel-spring-boot-4.10.0.jar:/home/seshu/.m2/repository/org/apache/camel/camel-spring/4.10.0/camel-spring-4.10.0.jar:/home/seshu/.m2/repository/org/apache/camel/camel-management-api/4.10.0/camel-management-api-4.10.0.jar:/home/seshu/.m2/repository/org/apache/camel/camel-spring-main/4.10.0/camel-spring-main-4.10.0.jar:/home/seshu/.m2/repository/org/apache/camel/camel-main/4.10.0/camel-main-4.10.0.jar:/home/seshu/.m2/repository/org/apache/camel/camel-base/4.10.0/camel-base-4.10.0.jar:/home/seshu/.m2/repository/org/apache/camel/camel-util-json/4.10.0/camel-util-json-4.10.0.jar:/home/seshu/.m2/repository/org/apache/camel/camel-cloud/4.10.0/camel-cloud-4.10.0.jar:/home/seshu/.m2/repository/org/apache/camel/camel-core-model/4.10.0/camel-core-model-4.10.0.jar:/home/seshu/.m2/repository/org/apache/camel/camel-core-processor/4.10.0/camel-core-processor-4.10.0.jar:/home/seshu/.m2/repository/org/apache/camel/camel-cluster/4.10.0/camel-cluster-4.10.0.jar:/home/seshu/.m2/repository/org/apache/camel/camel-base-engine/4.10.0/camel-base-engine-4.10.0.jar:/home/seshu/.m2/repository/org/apache/camel/camel-health/4.10.0/camel-health-4.10.0.jar:/home/seshu/.m2/repository/org/apache/camel/springboot/camel-core-starter/4.10.0/camel-core-starter-4.10.0.jar:/home/seshu/.m2/repository/org/apache/camel/camel-core-engine/4.10.0/camel-core-engine-4.10.0.jar:/home/seshu/.m2/repository/org/apache/camel/camel-api/4.10.0/camel-api-4.10.0.jar:/home/seshu/.m2/repository/org/apache/camel/camel-core-reifier/4.10.0/camel-core-reifier-4.10.0.jar:/home/seshu/.m2/repository/org/apache/camel/camel-util/4.10.0/camel-util-4.10.0.jar:/home/seshu/.m2/repository/org/apache/camel/springboot/camel-bean-starter/4.10.0/camel-bean-starter-4.10.0.jar:/home/seshu/.m2/repository/org/apache/camel/camel-bean/4.10.0/camel-bean-4.10.0.jar:/home/seshu/.m2/repository/org/apache/camel/springboot/camel-browse-starter/4.10.0/camel-browse-starter-4.10.0.jar:/home/seshu/.m2/repository/org/apache/camel/camel-browse/4.10.0/camel-browse-4.10.0.jar:/home/seshu/.m2/repository/org/apache/camel/springboot/camel-controlbus-starter/4.10.0/camel-controlbus-starter-4.10.0.jar:/home/seshu/.m2/repository/org/apache/camel/camel-controlbus/4.10.0/camel-controlbus-4.10.0.jar:/home/seshu/.m2/repository/org/apache/camel/springboot/camel-dataformat-starter/4.10.0/camel-dataformat-starter-4.10.0.jar:/home/seshu/.m2/repository/org/apache/camel/camel-dataformat/4.10.0/camel-dataformat-4.10.0.jar:/home/seshu/.m2/repository/org/apache/camel/springboot/camel-dataset-starter/4.10.0/camel-dataset-starter-4.10.0.jar:/home/seshu/.m2/repository/org/apache/camel/camel-dataset/4.10.0/camel-dataset-4.10.0.jar:/home/seshu/.m2/repository/org/apache/camel/springboot/camel-direct-starter/4.10.0/camel-direct-starter-4.10.0.jar:/home/seshu/.m2/repository/org/apache/camel/camel-direct/4.10.0/camel-direct-4.10.0.jar:/home/seshu/.m2/repository/org/apache/camel/springboot/camel-file-starter/4.10.0/camel-file-starter-4.10.0.jar:/home/seshu/.m2/repository/org/apache/camel/camel-file/4.10.0/camel-file-4.10.0.jar:/home/seshu/.m2/repository/org/apache/camel/springboot/camel-language-starter/4.10.0/camel-language-starter-4.10.0.jar:/home/seshu/.m2/repository/org/apache/camel/camel-language/4.10.0/camel-language-4.10.0.jar:/home/seshu/.m2/repository/org/apache/camel/springboot/camel-log-starter/4.10.0/camel-log-starter-4.10.0.jar:/home/seshu/.m2/repository/org/apache/camel/camel-log/4.10.0/camel-log-4.10.0.jar:/home/seshu/.m2/repository/org/apache/camel/springboot/camel-mock-starter/4.10.0/camel-mock-starter-4.10.0.jar:/home/seshu/.m2/repository/org/apache/camel/camel-mock/4.10.0/camel-mock-4.10.0.jar:/home/seshu/.m2/repository/org/apache/camel/springboot/camel-ref-starter/4.10.0/camel-ref-starter-4.10.0.jar:/home/seshu/.m2/repository/org/apache/camel/camel-ref/4.10.0/camel-ref-4.10.0.jar:/home/seshu/.m2/repository/org/apache/camel/springboot/camel-rest-starter/4.10.0/camel-rest-starter-4.10.0.jar:/home/seshu/.m2/repository/org/apache/camel/camel-rest/4.10.0/camel-rest-4.10.0.jar:/home/seshu/.m2/repository/org/apache/camel/camel-tooling-model/4.10.0/camel-tooling-model-4.10.0.jar:/home/seshu/.m2/repository/org/apache/camel/springboot/camel-saga-starter/4.10.0/camel-saga-starter-4.10.0.jar:/home/seshu/.m2/repository/org/apache/camel/camel-saga/4.10.0/camel-saga-4.10.0.jar:/home/seshu/.m2/repository/org/apache/camel/springboot/camel-scheduler-starter/4.10.0/camel-scheduler-starter-4.10.0.jar:/home/seshu/.m2/repository/org/apache/camel/camel-scheduler/4.10.0/camel-scheduler-4.10.0.jar:/home/seshu/.m2/repository/org/apache/camel/springboot/camel-seda-starter/4.10.0/camel-seda-starter-4.10.0.jar:/home/seshu/.m2/repository/org/apache/camel/camel-seda/4.10.0/camel-seda-4.10.0.jar:/home/seshu/.m2/repository/org/apache/camel/springboot/camel-stub-starter/4.10.0/camel-stub-starter-4.10.0.jar:/home/seshu/.m2/repository/org/apache/camel/camel-stub/4.10.0/camel-stub-4.10.0.jar:/home/seshu/.m2/repository/org/apache/camel/springboot/camel-timer-starter/4.10.0/camel-timer-starter-4.10.0.jar:/home/seshu/.m2/repository/org/apache/camel/camel-timer/4.10.0/camel-timer-4.10.0.jar:/home/seshu/.m2/repository/org/apache/camel/springboot/camel-validator-starter/4.10.0/camel-validator-starter-4.10.0.jar:/home/seshu/.m2/repository/org/apache/camel/camel-validator/4.10.0/camel-validator-4.10.0.jar:/home/seshu/.m2/repository/org/apache/camel/springboot/camel-xpath-starter/4.10.0/camel-xpath-starter-4.10.0.jar:/home/seshu/.m2/repository/org/apache/camel/camel-xpath/4.10.0/camel-xpath-4.10.0.jar:/home/seshu/.m2/repository/org/apache/camel/springboot/camel-xslt-starter/4.10.0/camel-xslt-starter-4.10.0.jar:/home/seshu/.m2/repository/org/apache/camel/camel-xslt/4.10.0/camel-xslt-4.10.0.jar:/home/seshu/.m2/repository/org/apache/camel/springboot/camel-xml-jaxp-starter/4.10.0/camel-xml-jaxp-starter-4.10.0.jar:/home/seshu/.m2/repository/org/apache/camel/camel-xml-jaxp/4.10.0/camel-xml-jaxp-4.10.0.jar:/home/seshu/.m2/repository/org/apache/camel/camel-xml-jaxp-util/4.10.0/camel-xml-jaxp-util-4.10.0.jar:/home/seshu/.m2/repository/org/apache/camel/camel-xml-io-util/4.10.0/camel-xml-io-util-4.10.0.jar:/home/seshu/.m2/repository/org/apache/camel/springboot/camel-spring-rabbitmq-starter/4.10.0/camel-spring-rabbitmq-starter-4.10.0.jar:/home/seshu/.m2/repository/org/apache/camel/camel-spring-rabbitmq/4.10.0/camel-spring-rabbitmq-4.10.0.jar:/home/seshu/.m2/repository/org/apache/camel/camel-support/4.10.0/camel-support-4.10.0.jar:/home/seshu/.m2/repository/org/apache/camel/springboot/camel-http-starter/4.10.0/camel-http-starter-4.10.0.jar:/home/seshu/.m2/repository/org/apache/camel/camel-http/4.10.0/camel-http-4.10.0.jar:/home/seshu/.m2/repository/org/apache/camel/camel-http-common/4.10.0/camel-http-common-4.10.0.jar:/home/seshu/.m2/repository/org/apache/camel/camel-http-base/4.10.0/camel-http-base-4.10.0.jar:/home/seshu/.m2/repository/org/apache/camel/camel-attachments/4.10.0/camel-attachments-4.10.0.jar:/home/seshu/.m2/repository/jakarta/servlet/jakarta.servlet-api/6.0.0/jakarta.servlet-api-6.0.0.jar:/home/seshu/.m2/repository/org/apache/httpcomponents/client5/httpclient5/5.4.1/httpclient5-5.4.1.jar:/home/seshu/.m2/repository/org/apache/httpcomponents/core5/httpcore5/5.3.2/httpcore5-5.3.2.jar:/home/seshu/.m2/repository/org/apache/httpcomponents/core5/httpcore5-h2/5.3.2/httpcore5-h2-5.3.2.jar:/home/seshu/.m2/repository/org/apache/camel/springboot/camel-jackson-starter/4.10.0/camel-jackson-starter-4.10.0.jar:/home/seshu/.m2/repository/org/apache/camel/camel-jackson/4.10.0/camel-jackson-4.10.0.jar:/home/seshu/.m2/repository/org/apache/camel/springboot/camel-jsonpath-starter/4.10.0/camel-jsonpath-starter-4.10.0.jar:/home/seshu/.m2/repository/org/apache/camel/camel-jsonpath/4.10.0/camel-jsonpath-4.10.0.jar:/home/seshu/.m2/repository/io/github/resilience4j/resilience4j-spring-boot2/2.2.0/resilience4j-spring-boot2-2.2.0.jar:/home/seshu/.m2/repository/io/github/resilience4j/resilience4j-spring/2.2.0/resilience4j-spring-2.2.0.jar:/home/seshu/.m2/repository/io/github/resilience4j/resilience4j-annotations/2.2.0/resilience4j-annotations-2.2.0.jar:/home/seshu/.m2/repository/io/github/resilience4j/resilience4j-consumer/2.2.0/resilience4j-consumer-2.2.0.jar:/home/seshu/.m2/repository/io/github/resilience4j/resilience4j-circularbuffer/2.2.0/resilience4j-circularbuffer-2.2.0.jar:/home/seshu/.m2/repository/io/github/resilience4j/resilience4j-framework-common/2.2.0/resilience4j-framework-common-2.2.0.jar:/home/seshu/.m2/repository/io/github/resilience4j/resilience4j-micrometer/2.2.0/resilience4j-micrometer-2.2.0.jar:/home/seshu/.m2/repository/io/github/resilience4j/resilience4j-retry/2.2.0/resilience4j-retry-2.2.0.jar:/home/seshu/.m2/repository/io/github/resilience4j/resilience4j-ratelimiter/2.2.0/resilience4j-ratelimiter-2.2.0.jar:/home/seshu/.m2/repository/io/github/resilience4j/resilience4j-timelimiter/2.2.0/resilience4j-timelimiter-2.2.0.jar:/home/seshu/.m2/repository/io/github/resilience4j/resilience4j-circuitbreaker/2.2.0/resilience4j-circuitbreaker-2.2.0.jar:/home/seshu/.m2/repository/io/github/resilience4j/resilience4j-core/2.2.0/resilience4j-core-2.2.0.jar:/home/seshu/.m2/repository/io/github/resilience4j/resilience4j-bulkhead/2.2.0/resilience4j-bulkhead-2.2.0.jar:/home/seshu/.m2/repository/io/micrometer/micrometer-core/1.14.4/micrometer-core-1.14.4.jar:/home/seshu/.m2/repository/io/micrometer/micrometer-commons/1.14.4/micrometer-commons-1.14.4.jar:/home/seshu/.m2/repository/org/hdrhistogram/HdrHistogram/2.2.2/HdrHistogram-2.2.2.jar:/home/seshu/.m2/repository/org/latencyutils/LatencyUtils/2.0.3/LatencyUtils-2.0.3.jar:/home/seshu/.m2/repository/io/micrometer/micrometer-registry-prometheus/1.14.4/micrometer-registry-prometheus-1.14.4.jar:/home/seshu/.m2/repository/io/prometheus/prometheus-metrics-core/1.3.5/prometheus-metrics-core-1.3.5.jar:/home/seshu/.m2/repository/io/prometheus/prometheus-metrics-model/1.3.5/prometheus-metrics-model-1.3.5.jar:/home/seshu/.m2/repository/io/prometheus/prometheus-metrics-config/1.3.5/prometheus-metrics-config-1.3.5.jar:/home/seshu/.m2/repository/io/prometheus/prometheus-metrics-tracer-common/1.3.5/prometheus-metrics-tracer-common-1.3.5.jar:/home/seshu/.m2/repository/io/prometheus/prometheus-metrics-exposition-formats/1.3.5/prometheus-metrics-exposition-formats-1.3.5.jar:/home/seshu/.m2/repository/io/prometheus/prometheus-metrics-exposition-textformats/1.3.5/prometheus-metrics-exposition-textformats-1.3.5.jar:/home/seshu/.m2/repository/redis/clients/jedis/5.2.0/jedis-5.2.0.jar:/home/seshu/.m2/repository/org/apache/commons/commons-pool2/2.12.0/commons-pool2-2.12.0.jar:/home/seshu/.m2/repository/com/google/code/gson/gson/2.11.0/gson-2.11.0.jar:/home/seshu/.m2/repository/com/google/errorprone/error_prone_annotations/2.27.0/error_prone_annotations-2.27.0.jar:/home/seshu/.m2/repository/com/github/ulisesbocchio/jasypt-spring-boot-starter/3.0.5/jasypt-spring-boot-starter-3.0.5.jar:/home/seshu/.m2/repository/com/github/ulisesbocchio/jasypt-spring-boot/3.0.5/jasypt-spring-boot-3.0.5.jar:/home/seshu/.m2/repository/org/jasypt/jasypt/1.9.3/jasypt-1.9.3.jar:/home/seshu/.m2/repository/org/json/json/20230618/json-20230618.jar:/home/seshu/.m2/repository/org/apache/httpcomponents/httpclient/4.5.14/httpclient-4.5.14.jar:/home/seshu/.m2/repository/commons-logging/commons-logging/1.2/commons-logging-1.2.jar:/home/seshu/.m2/repository/commons-codec/commons-codec/1.17.2/commons-codec-1.17.2.jar:/home/seshu/.m2/repository/org/projectlombok/lombok/1.18.36/lombok-1.18.36.jar:/home/seshu/.m2/repository/org/springframework/boot/spring-boot-starter-test/3.4.2/spring-boot-starter-test-3.4.2.jar:/home/seshu/.m2/repository/org/springframework/boot/spring-boot-test/3.4.2/spring-boot-test-3.4.2.jar:/home/seshu/.m2/repository/org/springframework/boot/spring-boot-test-autoconfigure/3.4.2/spring-boot-test-autoconfigure-3.4.2.jar:/home/seshu/.m2/repository/com/jayway/jsonpath/json-path/2.9.0/json-path-2.9.0.jar:/home/seshu/.m2/repository/jakarta/xml/bind/jakarta.xml.bind-api/4.0.2/jakarta.xml.bind-api-4.0.2.jar:/home/seshu/.m2/repository/jakarta/activation/jakarta.activation-api/2.1.3/jakarta.activation-api-2.1.3.jar:/home/seshu/.m2/repository/net/minidev/json-smart/2.5.1/json-smart-2.5.1.jar:/home/seshu/.m2/repository/net/minidev/accessors-smart/2.5.1/accessors-smart-2.5.1.jar:/home/seshu/.m2/repository/org/ow2/asm/asm/9.6/asm-9.6.jar:/home/seshu/.m2/repository/org/assertj/assertj-core/3.26.3/assertj-core-3.26.3.jar:/home/seshu/.m2/repository/net/bytebuddy/byte-buddy/1.15.11/byte-buddy-1.15.11.jar:/home/seshu/.m2/repository/org/awaitility/awaitility/4.2.2/awaitility-4.2.2.jar:/home/seshu/.m2/repository/org/hamcrest/hamcrest/2.2/hamcrest-2.2.jar:/home/seshu/.m2/repository/org/junit/jupiter/junit-jupiter/5.11.4/junit-jupiter-5.11.4.jar:/home/seshu/.m2/repository/org/junit/jupiter/junit-jupiter-api/5.11.4/junit-jupiter-api-5.11.4.jar:/home/seshu/.m2/repository/org/opentest4j/opentest4j/1.3.0/opentest4j-1.3.0.jar:/home/seshu/.m2/repository/org/junit/platform/junit-platform-commons/1.11.4/junit-platform-commons-1.11.4.jar:/home/seshu/.m2/repository/org/apiguardian/apiguardian-api/1.1.2/apiguardian-api-1.1.2.jar:/home/seshu/.m2/repository/org/junit/jupiter/junit-jupiter-params/5.11.4/junit-jupiter-params-5.11.4.jar:/home/seshu/.m2/repository/org/junit/jupiter/junit-jupiter-engine/5.11.4/junit-jupiter-engine-5.11.4.jar:/home/seshu/.m2/repository/org/junit/platform/junit-platform-engine/1.11.4/junit-platform-engine-1.11.4.jar:/home/seshu/.m2/repository/org/mockito/mockito-core/5.14.2/mockito-core-5.14.2.jar:/home/seshu/.m2/repository/net/bytebuddy/byte-buddy-agent/1.15.11/byte-buddy-agent-1.15.11.jar:/home/seshu/.m2/repository/org/objenesis/objenesis/3.3/objenesis-3.3.jar:/home/seshu/.m2/repository/org/mockito/mockito-junit-jupiter/5.14.2/mockito-junit-jupiter-5.14.2.jar:/home/seshu/.m2/repository/org/skyscreamer/jsonassert/1.5.3/jsonassert-1.5.3.jar:/home/seshu/.m2/repository/com/vaadin/external/google/android-json/0.0.20131108.vaadin1/android-json-0.0.20131108.vaadin1.jar:/home/seshu/.m2/repository/org/springframework/spring-test/6.2.2/spring-test-6.2.2.jar:/home/seshu/.m2/repository/org/xmlunit/xmlunit-core/2.10.0/xmlunit-core-2.10.0.jar:/home/seshu/.m2/repository/org/testcontainers/junit-jupiter/1.18.3/junit-jupiter-1.18.3.jar:/home/seshu/.m2/repository/org/testcontainers/testcontainers/1.20.4/testcontainers-1.20.4.jar:/home/seshu/.m2/repository/junit/junit/4.13.2/junit-4.13.2.jar:/home/seshu/.m2/repository/org/apache/commons/commons-compress/1.24.0/commons-compress-1.24.0.jar:/home/seshu/.m2/repository/org/rnorth/duct-tape/duct-tape/1.0.8/duct-tape-1.0.8.jar:/home/seshu/.m2/repository/org/jetbrains/annotations/17.0.0/annotations-17.0.0.jar:/home/seshu/.m2/repository/com/github/docker-java/docker-java-api/3.4.0/docker-java-api-3.4.0.jar:/home/seshu/.m2/repository/com/github/docker-java/docker-java-transport-zerodep/3.4.0/docker-java-transport-zerodep-3.4.0.jar:/home/seshu/.m2/repository/com/github/docker-java/docker-java-transport/3.4.0/docker-java-transport-3.4.0.jar:/home/seshu/.m2/repository/net/java/dev/jna/jna/5.13.0/jna-5.13.0.jar:/home/seshu/.m2/repository/org/testcontainers/rabbitmq/1.18.3/rabbitmq-1.18.3.jar:/home/seshu/.m2/repository/org/testcontainers/elasticsearch/1.18.3/elasticsearch-1.18.3.jar:/home/seshu/.m2/repository/com/github/tomakehurst/wiremock-jre8-standalone/2.35.0/wiremock-jre8-standalone-2.35.0.jar:/home/seshu/.m2/repository/javax/servlet/javax.servlet-api/4.0.1/javax.servlet-api-4.0.1.jar:/home/seshu/.m2/repository/co/elastic/clients/elasticsearch-java/8.11.0/elasticsearch-java-8.11.0.jar:/home/seshu/.m2/repository/org/elasticsearch/client/elasticsearch-rest-client/8.15.5/elasticsearch-rest-client-8.15.5.jar:/home/seshu/.m2/repository/org/apache/httpcomponents/httpasyncclient/4.1.5/httpasyncclient-4.1.5.jar:/home/seshu/.m2/repository/org/apache/httpcomponents/httpcore-nio/4.4.16/httpcore-nio-4.4.16.jar:/home/seshu/.m2/repository/com/google/code/findbugs/jsr305/3.0.2/jsr305-3.0.2.jar:/home/seshu/.m2/repository/jakarta/json/jakarta.json-api/2.1.3/jakarta.json-api-2.1.3.jar:/home/seshu/.m2/repository/org/eclipse/parsson/parsson/1.0.0/parsson-1.0.0.jar:/home/seshu/.m2/repository/io/opentelemetry/opentelemetry-api/1.43.0/opentelemetry-api-1.43.0.jar:/home/seshu/.m2/repository/io/opentelemetry/opentelemetry-context/1.43.0/opentelemetry-context-1.43.0.jar:/home/seshu/.m2/repository/org/springframework/amqp/spring-rabbit-test/3.2.2/spring-rabbit-test-3.2.2.jar:/home/seshu/.m2/repository/org/springframework/amqp/spring-rabbit-junit/3.2.2/spring-rabbit-junit-3.2.2.jar:/home/seshu/.m2/repository/org/hamcrest/hamcrest-library/2.2/hamcrest-library-2.2.jar:/home/seshu/.m2/repository/org/hamcrest/hamcrest-core/2.2/hamcrest-core-2.2.jar:/home/seshu/.m2/repository/org/apache/camel/camel-test-spring-junit5/4.10.0/camel-test-spring-junit5-4.10.0.jar:/home/seshu/.m2/repository/org/apache/camel/camel-test-junit5/4.10.0/camel-test-junit5-4.10.0.jar:/home/seshu/.m2/repository/org/apache/camel/camel-core-languages/4.10.0/camel-core-languages-4.10.0.jar:/home/seshu/.m2/repository/org/apache/camel/camel-spring-xml/4.10.0/camel-spring-xml-4.10.0.jar:/home/seshu/.m2/repository/org/apache/camel/camel-xml-jaxb/4.10.0/camel-xml-jaxb-4.10.0.jar:/home/seshu/.m2/repository/org/glassfish/jaxb/jaxb-runtime/4.0.5/jaxb-runtime-4.0.5.jar:/home/seshu/.m2/repository/org/glassfish/jaxb/jaxb-core/4.0.5/jaxb-core-4.0.5.jar:/home/seshu/.m2/repository/org/eclipse/angus/angus-activation/2.0.2/angus-activation-2.0.2.jar:/home/seshu/.m2/repository/org/glassfish/jaxb/txw2/4.0.5/txw2-4.0.5.jar:/home/seshu/.m2/repository/com/sun/istack/istack-commons-runtime/4.1.2/istack-commons-runtime-4.1.2.jar:/home/seshu/.m2/repository/org/apache/camel/camel-core-xml/4.10.0/camel-core-xml-4.10.0.jar:/home/seshu/.m2/repository/org/apache/httpcomponents/httpcore/4.4.16/httpcore-4.4.16.jar:"/>
    <property name="java.vm.vendor" value="Ubuntu"/>
    <property name="sun.arch.data.model" value="64"/>
    <property name="java.vendor.url" value="https://ubuntu.com/"/>
    <property name="user.timezone" value="Asia/Kolkata"/>
    <property name="os.name" value="Linux"/>
    <property name="java.vm.specification.version" value="21"/>
    <property name="APPLICATION_NAME" value="camel-mq-processor-enhanced"/>
    <property name="sun.java.launcher" value="SUN_STANDARD"/>
    <property name="user.country" value="US"/>
    <property name="sun.boot.library.path" value="/usr/lib/jvm/java-21-openjdk-amd64/lib"/>
    <property name="sun.java.command" value="/home/seshu/Documents/Java/camel-mq-processor/target/surefire/surefirebooter-20250812083746787_3.jar /home/seshu/Documents/Java/camel-mq-processor/target/surefire 2025-08-12T08-37-46_737-jvmRun1 surefire-20250812083746787_1tmp surefire_0-20250812083746787_2tmp"/>
    <property name="jdk.debug" value="release"/>
    <property name="test" value="ThreadBlockingDemoTest"/>
    <property name="surefire.test.class.path" value="/home/seshu/Documents/Java/camel-mq-processor/target/test-classes:/home/seshu/Documents/Java/camel-mq-processor/target/classes:/home/seshu/.m2/repository/org/springframework/boot/spring-boot-starter/3.4.2/spring-boot-starter-3.4.2.jar:/home/seshu/.m2/repository/org/springframework/boot/spring-boot/3.4.2/spring-boot-3.4.2.jar:/home/seshu/.m2/repository/org/springframework/spring-context/6.2.2/spring-context-6.2.2.jar:/home/seshu/.m2/repository/org/springframework/boot/spring-boot-autoconfigure/3.4.2/spring-boot-autoconfigure-3.4.2.jar:/home/seshu/.m2/repository/org/springframework/boot/spring-boot-starter-logging/3.4.2/spring-boot-starter-logging-3.4.2.jar:/home/seshu/.m2/repository/ch/qos/logback/logback-classic/1.5.16/logback-classic-1.5.16.jar:/home/seshu/.m2/repository/ch/qos/logback/logback-core/1.5.16/logback-core-1.5.16.jar:/home/seshu/.m2/repository/org/apache/logging/log4j/log4j-to-slf4j/2.24.3/log4j-to-slf4j-2.24.3.jar:/home/seshu/.m2/repository/org/apache/logging/log4j/log4j-api/2.24.3/log4j-api-2.24.3.jar:/home/seshu/.m2/repository/org/slf4j/jul-to-slf4j/2.0.16/jul-to-slf4j-2.0.16.jar:/home/seshu/.m2/repository/jakarta/annotation/jakarta.annotation-api/2.1.1/jakarta.annotation-api-2.1.1.jar:/home/seshu/.m2/repository/org/springframework/spring-core/6.2.2/spring-core-6.2.2.jar:/home/seshu/.m2/repository/org/springframework/spring-jcl/6.2.2/spring-jcl-6.2.2.jar:/home/seshu/.m2/repository/org/yaml/snakeyaml/2.3/snakeyaml-2.3.jar:/home/seshu/.m2/repository/org/springframework/boot/spring-boot-starter-web/3.4.2/spring-boot-starter-web-3.4.2.jar:/home/seshu/.m2/repository/org/springframework/boot/spring-boot-starter-json/3.4.2/spring-boot-starter-json-3.4.2.jar:/home/seshu/.m2/repository/com/fasterxml/jackson/core/jackson-databind/2.18.2/jackson-databind-2.18.2.jar:/home/seshu/.m2/repository/com/fasterxml/jackson/core/jackson-annotations/2.18.2/jackson-annotations-2.18.2.jar:/home/seshu/.m2/repository/com/fasterxml/jackson/core/jackson-core/2.18.2/jackson-core-2.18.2.jar:/home/seshu/.m2/repository/com/fasterxml/jackson/datatype/jackson-datatype-jdk8/2.18.2/jackson-datatype-jdk8-2.18.2.jar:/home/seshu/.m2/repository/com/fasterxml/jackson/datatype/jackson-datatype-jsr310/2.18.2/jackson-datatype-jsr310-2.18.2.jar:/home/seshu/.m2/repository/com/fasterxml/jackson/module/jackson-module-parameter-names/2.18.2/jackson-module-parameter-names-2.18.2.jar:/home/seshu/.m2/repository/org/springframework/boot/spring-boot-starter-tomcat/3.4.2/spring-boot-starter-tomcat-3.4.2.jar:/home/seshu/.m2/repository/org/apache/tomcat/embed/tomcat-embed-core/10.1.34/tomcat-embed-core-10.1.34.jar:/home/seshu/.m2/repository/org/apache/tomcat/embed/tomcat-embed-el/10.1.34/tomcat-embed-el-10.1.34.jar:/home/seshu/.m2/repository/org/apache/tomcat/embed/tomcat-embed-websocket/10.1.34/tomcat-embed-websocket-10.1.34.jar:/home/seshu/.m2/repository/org/springframework/spring-web/6.2.2/spring-web-6.2.2.jar:/home/seshu/.m2/repository/org/springframework/spring-beans/6.2.2/spring-beans-6.2.2.jar:/home/seshu/.m2/repository/org/springframework/spring-webmvc/6.2.2/spring-webmvc-6.2.2.jar:/home/seshu/.m2/repository/org/springframework/spring-expression/6.2.2/spring-expression-6.2.2.jar:/home/seshu/.m2/repository/org/springframework/boot/spring-boot-starter-webflux/3.4.2/spring-boot-starter-webflux-3.4.2.jar:/home/seshu/.m2/repository/org/springframework/boot/spring-boot-starter-reactor-netty/3.4.2/spring-boot-starter-reactor-netty-3.4.2.jar:/home/seshu/.m2/repository/io/projectreactor/netty/reactor-netty-http/1.2.2/reactor-netty-http-1.2.2.jar:/home/seshu/.m2/repository/io/netty/netty-codec-http/4.1.117.Final/netty-codec-http-4.1.117.Final.jar:/home/seshu/.m2/repository/io/netty/netty-common/4.1.117.Final/netty-common-4.1.117.Final.jar:/home/seshu/.m2/repository/io/netty/netty-buffer/4.1.117.Final/netty-buffer-4.1.117.Final.jar:/home/seshu/.m2/repository/io/netty/netty-transport/4.1.117.Final/netty-transport-4.1.117.Final.jar:/home/seshu/.m2/repository/io/netty/netty-codec/4.1.117.Final/netty-codec-4.1.117.Final.jar:/home/seshu/.m2/repository/io/netty/netty-handler/4.1.117.Final/netty-handler-4.1.117.Final.jar:/home/seshu/.m2/repository/io/netty/netty-codec-http2/4.1.117.Final/netty-codec-http2-4.1.117.Final.jar:/home/seshu/.m2/repository/io/netty/netty-resolver-dns/4.1.117.Final/netty-resolver-dns-4.1.117.Final.jar:/home/seshu/.m2/repository/io/netty/netty-resolver/4.1.117.Final/netty-resolver-4.1.117.Final.jar:/home/seshu/.m2/repository/io/netty/netty-codec-dns/4.1.117.Final/netty-codec-dns-4.1.117.Final.jar:/home/seshu/.m2/repository/io/netty/netty-resolver-dns-native-macos/4.1.117.Final/netty-resolver-dns-native-macos-4.1.117.Final-osx-x86_64.jar:/home/seshu/.m2/repository/io/netty/netty-resolver-dns-classes-macos/4.1.117.Final/netty-resolver-dns-classes-macos-4.1.117.Final.jar:/home/seshu/.m2/repository/io/netty/netty-transport-native-epoll/4.1.117.Final/netty-transport-native-epoll-4.1.117.Final-linux-x86_64.jar:/home/seshu/.m2/repository/io/netty/netty-transport-native-unix-common/4.1.117.Final/netty-transport-native-unix-common-4.1.117.Final.jar:/home/seshu/.m2/repository/io/netty/netty-transport-classes-epoll/4.1.117.Final/netty-transport-classes-epoll-4.1.117.Final.jar:/home/seshu/.m2/repository/io/projectreactor/netty/reactor-netty-core/1.2.2/reactor-netty-core-1.2.2.jar:/home/seshu/.m2/repository/io/netty/netty-handler-proxy/4.1.117.Final/netty-handler-proxy-4.1.117.Final.jar:/home/seshu/.m2/repository/io/netty/netty-codec-socks/4.1.117.Final/netty-codec-socks-4.1.117.Final.jar:/home/seshu/.m2/repository/org/springframework/spring-webflux/6.2.2/spring-webflux-6.2.2.jar:/home/seshu/.m2/repository/io/projectreactor/reactor-core/3.7.2/reactor-core-3.7.2.jar:/home/seshu/.m2/repository/org/reactivestreams/reactive-streams/1.0.4/reactive-streams-1.0.4.jar:/home/seshu/.m2/repository/org/springframework/boot/spring-boot-starter-actuator/3.4.2/spring-boot-starter-actuator-3.4.2.jar:/home/seshu/.m2/repository/org/springframework/boot/spring-boot-actuator-autoconfigure/3.4.2/spring-boot-actuator-autoconfigure-3.4.2.jar:/home/seshu/.m2/repository/org/springframework/boot/spring-boot-actuator/3.4.2/spring-boot-actuator-3.4.2.jar:/home/seshu/.m2/repository/io/micrometer/micrometer-observation/1.14.4/micrometer-observation-1.14.4.jar:/home/seshu/.m2/repository/io/micrometer/micrometer-jakarta9/1.14.4/micrometer-jakarta9-1.14.4.jar:/home/seshu/.m2/repository/org/springframework/boot/spring-boot-starter-amqp/3.4.2/spring-boot-starter-amqp-3.4.2.jar:/home/seshu/.m2/repository/org/springframework/spring-messaging/6.2.2/spring-messaging-6.2.2.jar:/home/seshu/.m2/repository/org/springframework/amqp/spring-rabbit/3.2.2/spring-rabbit-3.2.2.jar:/home/seshu/.m2/repository/org/springframework/amqp/spring-amqp/3.2.2/spring-amqp-3.2.2.jar:/home/seshu/.m2/repository/org/springframework/retry/spring-retry/2.0.11/spring-retry-2.0.11.jar:/home/seshu/.m2/repository/com/rabbitmq/amqp-client/5.22.0/amqp-client-5.22.0.jar:/home/seshu/.m2/repository/org/springframework/data/spring-data-redis/3.4.2/spring-data-redis-3.4.2.jar:/home/seshu/.m2/repository/org/springframework/data/spring-data-keyvalue/3.4.2/spring-data-keyvalue-3.4.2.jar:/home/seshu/.m2/repository/org/springframework/data/spring-data-commons/3.4.2/spring-data-commons-3.4.2.jar:/home/seshu/.m2/repository/org/springframework/spring-tx/6.2.2/spring-tx-6.2.2.jar:/home/seshu/.m2/repository/org/springframework/spring-oxm/6.2.2/spring-oxm-6.2.2.jar:/home/seshu/.m2/repository/org/springframework/spring-aop/6.2.2/spring-aop-6.2.2.jar:/home/seshu/.m2/repository/org/springframework/spring-context-support/6.2.2/spring-context-support-6.2.2.jar:/home/seshu/.m2/repository/org/slf4j/slf4j-api/2.0.16/slf4j-api-2.0.16.jar:/home/seshu/.m2/repository/org/apache/camel/springboot/camel-spring-boot-starter/4.10.0/camel-spring-boot-starter-4.10.0.jar:/home/seshu/.m2/repository/org/apache/camel/springboot/camel-spring-boot/4.10.0/camel-spring-boot-4.10.0.jar:/home/seshu/.m2/repository/org/apache/camel/camel-spring/4.10.0/camel-spring-4.10.0.jar:/home/seshu/.m2/repository/org/apache/camel/camel-management-api/4.10.0/camel-management-api-4.10.0.jar:/home/seshu/.m2/repository/org/apache/camel/camel-spring-main/4.10.0/camel-spring-main-4.10.0.jar:/home/seshu/.m2/repository/org/apache/camel/camel-main/4.10.0/camel-main-4.10.0.jar:/home/seshu/.m2/repository/org/apache/camel/camel-base/4.10.0/camel-base-4.10.0.jar:/home/seshu/.m2/repository/org/apache/camel/camel-util-json/4.10.0/camel-util-json-4.10.0.jar:/home/seshu/.m2/repository/org/apache/camel/camel-cloud/4.10.0/camel-cloud-4.10.0.jar:/home/seshu/.m2/repository/org/apache/camel/camel-core-model/4.10.0/camel-core-model-4.10.0.jar:/home/seshu/.m2/repository/org/apache/camel/camel-core-processor/4.10.0/camel-core-processor-4.10.0.jar:/home/seshu/.m2/repository/org/apache/camel/camel-cluster/4.10.0/camel-cluster-4.10.0.jar:/home/seshu/.m2/repository/org/apache/camel/camel-base-engine/4.10.0/camel-base-engine-4.10.0.jar:/home/seshu/.m2/repository/org/apache/camel/camel-health/4.10.0/camel-health-4.10.0.jar:/home/seshu/.m2/repository/org/apache/camel/springboot/camel-core-starter/4.10.0/camel-core-starter-4.10.0.jar:/home/seshu/.m2/repository/org/apache/camel/camel-core-engine/4.10.0/camel-core-engine-4.10.0.jar:/home/seshu/.m2/repository/org/apache/camel/camel-api/4.10.0/camel-api-4.10.0.jar:/home/seshu/.m2/repository/org/apache/camel/camel-core-reifier/4.10.0/camel-core-reifier-4.10.0.jar:/home/seshu/.m2/repository/org/apache/camel/camel-util/4.10.0/camel-util-4.10.0.jar:/home/seshu/.m2/repository/org/apache/camel/springboot/camel-bean-starter/4.10.0/camel-bean-starter-4.10.0.jar:/home/seshu/.m2/repository/org/apache/camel/camel-bean/4.10.0/camel-bean-4.10.0.jar:/home/seshu/.m2/repository/org/apache/camel/springboot/camel-browse-starter/4.10.0/camel-browse-starter-4.10.0.jar:/home/seshu/.m2/repository/org/apache/camel/camel-browse/4.10.0/camel-browse-4.10.0.jar:/home/seshu/.m2/repository/org/apache/camel/springboot/camel-controlbus-starter/4.10.0/camel-controlbus-starter-4.10.0.jar:/home/seshu/.m2/repository/org/apache/camel/camel-controlbus/4.10.0/camel-controlbus-4.10.0.jar:/home/seshu/.m2/repository/org/apache/camel/springboot/camel-dataformat-starter/4.10.0/camel-dataformat-starter-4.10.0.jar:/home/seshu/.m2/repository/org/apache/camel/camel-dataformat/4.10.0/camel-dataformat-4.10.0.jar:/home/seshu/.m2/repository/org/apache/camel/springboot/camel-dataset-starter/4.10.0/camel-dataset-starter-4.10.0.jar:/home/seshu/.m2/repository/org/apache/camel/camel-dataset/4.10.0/camel-dataset-4.10.0.jar:/home/seshu/.m2/repository/org/apache/camel/springboot/camel-direct-starter/4.10.0/camel-direct-starter-4.10.0.jar:/home/seshu/.m2/repository/org/apache/camel/camel-direct/4.10.0/camel-direct-4.10.0.jar:/home/seshu/.m2/repository/org/apache/camel/springboot/camel-file-starter/4.10.0/camel-file-starter-4.10.0.jar:/home/seshu/.m2/repository/org/apache/camel/camel-file/4.10.0/camel-file-4.10.0.jar:/home/seshu/.m2/repository/org/apache/camel/springboot/camel-language-starter/4.10.0/camel-language-starter-4.10.0.jar:/home/seshu/.m2/repository/org/apache/camel/camel-language/4.10.0/camel-language-4.10.0.jar:/home/seshu/.m2/repository/org/apache/camel/springboot/camel-log-starter/4.10.0/camel-log-starter-4.10.0.jar:/home/seshu/.m2/repository/org/apache/camel/camel-log/4.10.0/camel-log-4.10.0.jar:/home/seshu/.m2/repository/org/apache/camel/springboot/camel-mock-starter/4.10.0/camel-mock-starter-4.10.0.jar:/home/seshu/.m2/repository/org/apache/camel/camel-mock/4.10.0/camel-mock-4.10.0.jar:/home/seshu/.m2/repository/org/apache/camel/springboot/camel-ref-starter/4.10.0/camel-ref-starter-4.10.0.jar:/home/seshu/.m2/repository/org/apache/camel/camel-ref/4.10.0/camel-ref-4.10.0.jar:/home/seshu/.m2/repository/org/apache/camel/springboot/camel-rest-starter/4.10.0/camel-rest-starter-4.10.0.jar:/home/seshu/.m2/repository/org/apache/camel/camel-rest/4.10.0/camel-rest-4.10.0.jar:/home/seshu/.m2/repository/org/apache/camel/camel-tooling-model/4.10.0/camel-tooling-model-4.10.0.jar:/home/seshu/.m2/repository/org/apache/camel/springboot/camel-saga-starter/4.10.0/camel-saga-starter-4.10.0.jar:/home/seshu/.m2/repository/org/apache/camel/camel-saga/4.10.0/camel-saga-4.10.0.jar:/home/seshu/.m2/repository/org/apache/camel/springboot/camel-scheduler-starter/4.10.0/camel-scheduler-starter-4.10.0.jar:/home/seshu/.m2/repository/org/apache/camel/camel-scheduler/4.10.0/camel-scheduler-4.10.0.jar:/home/seshu/.m2/repository/org/apache/camel/springboot/camel-seda-starter/4.10.0/camel-seda-starter-4.10.0.jar:/home/seshu/.m2/repository/org/apache/camel/camel-seda/4.10.0/camel-seda-4.10.0.jar:/home/seshu/.m2/repository/org/apache/camel/springboot/camel-stub-starter/4.10.0/camel-stub-starter-4.10.0.jar:/home/seshu/.m2/repository/org/apache/camel/camel-stub/4.10.0/camel-stub-4.10.0.jar:/home/seshu/.m2/repository/org/apache/camel/springboot/camel-timer-starter/4.10.0/camel-timer-starter-4.10.0.jar:/home/seshu/.m2/repository/org/apache/camel/camel-timer/4.10.0/camel-timer-4.10.0.jar:/home/seshu/.m2/repository/org/apache/camel/springboot/camel-validator-starter/4.10.0/camel-validator-starter-4.10.0.jar:/home/seshu/.m2/repository/org/apache/camel/camel-validator/4.10.0/camel-validator-4.10.0.jar:/home/seshu/.m2/repository/org/apache/camel/springboot/camel-xpath-starter/4.10.0/camel-xpath-starter-4.10.0.jar:/home/seshu/.m2/repository/org/apache/camel/camel-xpath/4.10.0/camel-xpath-4.10.0.jar:/home/seshu/.m2/repository/org/apache/camel/springboot/camel-xslt-starter/4.10.0/camel-xslt-starter-4.10.0.jar:/home/seshu/.m2/repository/org/apache/camel/camel-xslt/4.10.0/camel-xslt-4.10.0.jar:/home/seshu/.m2/repository/org/apache/camel/springboot/camel-xml-jaxp-starter/4.10.0/camel-xml-jaxp-starter-4.10.0.jar:/home/seshu/.m2/repository/org/apache/camel/camel-xml-jaxp/4.10.0/camel-xml-jaxp-4.10.0.jar:/home/seshu/.m2/repository/org/apache/camel/camel-xml-jaxp-util/4.10.0/camel-xml-jaxp-util-4.10.0.jar:/home/seshu/.m2/repository/org/apache/camel/camel-xml-io-util/4.10.0/camel-xml-io-util-4.10.0.jar:/home/seshu/.m2/repository/org/apache/camel/springboot/camel-spring-rabbitmq-starter/4.10.0/camel-spring-rabbitmq-starter-4.10.0.jar:/home/seshu/.m2/repository/org/apache/camel/camel-spring-rabbitmq/4.10.0/camel-spring-rabbitmq-4.10.0.jar:/home/seshu/.m2/repository/org/apache/camel/camel-support/4.10.0/camel-support-4.10.0.jar:/home/seshu/.m2/repository/org/apache/camel/springboot/camel-http-starter/4.10.0/camel-http-starter-4.10.0.jar:/home/seshu/.m2/repository/org/apache/camel/camel-http/4.10.0/camel-http-4.10.0.jar:/home/seshu/.m2/repository/org/apache/camel/camel-http-common/4.10.0/camel-http-common-4.10.0.jar:/home/seshu/.m2/repository/org/apache/camel/camel-http-base/4.10.0/camel-http-base-4.10.0.jar:/home/seshu/.m2/repository/org/apache/camel/camel-attachments/4.10.0/camel-attachments-4.10.0.jar:/home/seshu/.m2/repository/jakarta/servlet/jakarta.servlet-api/6.0.0/jakarta.servlet-api-6.0.0.jar:/home/seshu/.m2/repository/org/apache/httpcomponents/client5/httpclient5/5.4.1/httpclient5-5.4.1.jar:/home/seshu/.m2/repository/org/apache/httpcomponents/core5/httpcore5/5.3.2/httpcore5-5.3.2.jar:/home/seshu/.m2/repository/org/apache/httpcomponents/core5/httpcore5-h2/5.3.2/httpcore5-h2-5.3.2.jar:/home/seshu/.m2/repository/org/apache/camel/springboot/camel-jackson-starter/4.10.0/camel-jackson-starter-4.10.0.jar:/home/seshu/.m2/repository/org/apache/camel/camel-jackson/4.10.0/camel-jackson-4.10.0.jar:/home/seshu/.m2/repository/org/apache/camel/springboot/camel-jsonpath-starter/4.10.0/camel-jsonpath-starter-4.10.0.jar:/home/seshu/.m2/repository/org/apache/camel/camel-jsonpath/4.10.0/camel-jsonpath-4.10.0.jar:/home/seshu/.m2/repository/io/github/resilience4j/resilience4j-spring-boot2/2.2.0/resilience4j-spring-boot2-2.2.0.jar:/home/seshu/.m2/repository/io/github/resilience4j/resilience4j-spring/2.2.0/resilience4j-spring-2.2.0.jar:/home/seshu/.m2/repository/io/github/resilience4j/resilience4j-annotations/2.2.0/resilience4j-annotations-2.2.0.jar:/home/seshu/.m2/repository/io/github/resilience4j/resilience4j-consumer/2.2.0/resilience4j-consumer-2.2.0.jar:/home/seshu/.m2/repository/io/github/resilience4j/resilience4j-circularbuffer/2.2.0/resilience4j-circularbuffer-2.2.0.jar:/home/seshu/.m2/repository/io/github/resilience4j/resilience4j-framework-common/2.2.0/resilience4j-framework-common-2.2.0.jar:/home/seshu/.m2/repository/io/github/resilience4j/resilience4j-micrometer/2.2.0/resilience4j-micrometer-2.2.0.jar:/home/seshu/.m2/repository/io/github/resilience4j/resilience4j-retry/2.2.0/resilience4j-retry-2.2.0.jar:/home/seshu/.m2/repository/io/github/resilience4j/resilience4j-ratelimiter/2.2.0/resilience4j-ratelimiter-2.2.0.jar:/home/seshu/.m2/repository/io/github/resilience4j/resilience4j-timelimiter/2.2.0/resilience4j-timelimiter-2.2.0.jar:/home/seshu/.m2/repository/io/github/resilience4j/resilience4j-circuitbreaker/2.2.0/resilience4j-circuitbreaker-2.2.0.jar:/home/seshu/.m2/repository/io/github/resilience4j/resilience4j-core/2.2.0/resilience4j-core-2.2.0.jar:/home/seshu/.m2/repository/io/github/resilience4j/resilience4j-bulkhead/2.2.0/resilience4j-bulkhead-2.2.0.jar:/home/seshu/.m2/repository/io/micrometer/micrometer-core/1.14.4/micrometer-core-1.14.4.jar:/home/seshu/.m2/repository/io/micrometer/micrometer-commons/1.14.4/micrometer-commons-1.14.4.jar:/home/seshu/.m2/repository/org/hdrhistogram/HdrHistogram/2.2.2/HdrHistogram-2.2.2.jar:/home/seshu/.m2/repository/org/latencyutils/LatencyUtils/2.0.3/LatencyUtils-2.0.3.jar:/home/seshu/.m2/repository/io/micrometer/micrometer-registry-prometheus/1.14.4/micrometer-registry-prometheus-1.14.4.jar:/home/seshu/.m2/repository/io/prometheus/prometheus-metrics-core/1.3.5/prometheus-metrics-core-1.3.5.jar:/home/seshu/.m2/repository/io/prometheus/prometheus-metrics-model/1.3.5/prometheus-metrics-model-1.3.5.jar:/home/seshu/.m2/repository/io/prometheus/prometheus-metrics-config/1.3.5/prometheus-metrics-config-1.3.5.jar:/home/seshu/.m2/repository/io/prometheus/prometheus-metrics-tracer-common/1.3.5/prometheus-metrics-tracer-common-1.3.5.jar:/home/seshu/.m2/repository/io/prometheus/prometheus-metrics-exposition-formats/1.3.5/prometheus-metrics-exposition-formats-1.3.5.jar:/home/seshu/.m2/repository/io/prometheus/prometheus-metrics-exposition-textformats/1.3.5/prometheus-metrics-exposition-textformats-1.3.5.jar:/home/seshu/.m2/repository/redis/clients/jedis/5.2.0/jedis-5.2.0.jar:/home/seshu/.m2/repository/org/apache/commons/commons-pool2/2.12.0/commons-pool2-2.12.0.jar:/home/seshu/.m2/repository/com/google/code/gson/gson/2.11.0/gson-2.11.0.jar:/home/seshu/.m2/repository/com/google/errorprone/error_prone_annotations/2.27.0/error_prone_annotations-2.27.0.jar:/home/seshu/.m2/repository/com/github/ulisesbocchio/jasypt-spring-boot-starter/3.0.5/jasypt-spring-boot-starter-3.0.5.jar:/home/seshu/.m2/repository/com/github/ulisesbocchio/jasypt-spring-boot/3.0.5/jasypt-spring-boot-3.0.5.jar:/home/seshu/.m2/repository/org/jasypt/jasypt/1.9.3/jasypt-1.9.3.jar:/home/seshu/.m2/repository/org/json/json/20230618/json-20230618.jar:/home/seshu/.m2/repository/org/apache/httpcomponents/httpclient/4.5.14/httpclient-4.5.14.jar:/home/seshu/.m2/repository/commons-logging/commons-logging/1.2/commons-logging-1.2.jar:/home/seshu/.m2/repository/commons-codec/commons-codec/1.17.2/commons-codec-1.17.2.jar:/home/seshu/.m2/repository/org/projectlombok/lombok/1.18.36/lombok-1.18.36.jar:/home/seshu/.m2/repository/org/springframework/boot/spring-boot-starter-test/3.4.2/spring-boot-starter-test-3.4.2.jar:/home/seshu/.m2/repository/org/springframework/boot/spring-boot-test/3.4.2/spring-boot-test-3.4.2.jar:/home/seshu/.m2/repository/org/springframework/boot/spring-boot-test-autoconfigure/3.4.2/spring-boot-test-autoconfigure-3.4.2.jar:/home/seshu/.m2/repository/com/jayway/jsonpath/json-path/2.9.0/json-path-2.9.0.jar:/home/seshu/.m2/repository/jakarta/xml/bind/jakarta.xml.bind-api/4.0.2/jakarta.xml.bind-api-4.0.2.jar:/home/seshu/.m2/repository/jakarta/activation/jakarta.activation-api/2.1.3/jakarta.activation-api-2.1.3.jar:/home/seshu/.m2/repository/net/minidev/json-smart/2.5.1/json-smart-2.5.1.jar:/home/seshu/.m2/repository/net/minidev/accessors-smart/2.5.1/accessors-smart-2.5.1.jar:/home/seshu/.m2/repository/org/ow2/asm/asm/9.6/asm-9.6.jar:/home/seshu/.m2/repository/org/assertj/assertj-core/3.26.3/assertj-core-3.26.3.jar:/home/seshu/.m2/repository/net/bytebuddy/byte-buddy/1.15.11/byte-buddy-1.15.11.jar:/home/seshu/.m2/repository/org/awaitility/awaitility/4.2.2/awaitility-4.2.2.jar:/home/seshu/.m2/repository/org/hamcrest/hamcrest/2.2/hamcrest-2.2.jar:/home/seshu/.m2/repository/org/junit/jupiter/junit-jupiter/5.11.4/junit-jupiter-5.11.4.jar:/home/seshu/.m2/repository/org/junit/jupiter/junit-jupiter-api/5.11.4/junit-jupiter-api-5.11.4.jar:/home/seshu/.m2/repository/org/opentest4j/opentest4j/1.3.0/opentest4j-1.3.0.jar:/home/seshu/.m2/repository/org/junit/platform/junit-platform-commons/1.11.4/junit-platform-commons-1.11.4.jar:/home/seshu/.m2/repository/org/apiguardian/apiguardian-api/1.1.2/apiguardian-api-1.1.2.jar:/home/seshu/.m2/repository/org/junit/jupiter/junit-jupiter-params/5.11.4/junit-jupiter-params-5.11.4.jar:/home/seshu/.m2/repository/org/junit/jupiter/junit-jupiter-engine/5.11.4/junit-jupiter-engine-5.11.4.jar:/home/seshu/.m2/repository/org/junit/platform/junit-platform-engine/1.11.4/junit-platform-engine-1.11.4.jar:/home/seshu/.m2/repository/org/mockito/mockito-core/5.14.2/mockito-core-5.14.2.jar:/home/seshu/.m2/repository/net/bytebuddy/byte-buddy-agent/1.15.11/byte-buddy-agent-1.15.11.jar:/home/seshu/.m2/repository/org/objenesis/objenesis/3.3/objenesis-3.3.jar:/home/seshu/.m2/repository/org/mockito/mockito-junit-jupiter/5.14.2/mockito-junit-jupiter-5.14.2.jar:/home/seshu/.m2/repository/org/skyscreamer/jsonassert/1.5.3/jsonassert-1.5.3.jar:/home/seshu/.m2/repository/com/vaadin/external/google/android-json/0.0.20131108.vaadin1/android-json-0.0.20131108.vaadin1.jar:/home/seshu/.m2/repository/org/springframework/spring-test/6.2.2/spring-test-6.2.2.jar:/home/seshu/.m2/repository/org/xmlunit/xmlunit-core/2.10.0/xmlunit-core-2.10.0.jar:/home/seshu/.m2/repository/org/testcontainers/junit-jupiter/1.18.3/junit-jupiter-1.18.3.jar:/home/seshu/.m2/repository/org/testcontainers/testcontainers/1.20.4/testcontainers-1.20.4.jar:/home/seshu/.m2/repository/junit/junit/4.13.2/junit-4.13.2.jar:/home/seshu/.m2/repository/org/apache/commons/commons-compress/1.24.0/commons-compress-1.24.0.jar:/home/seshu/.m2/repository/org/rnorth/duct-tape/duct-tape/1.0.8/duct-tape-1.0.8.jar:/home/seshu/.m2/repository/org/jetbrains/annotations/17.0.0/annotations-17.0.0.jar:/home/seshu/.m2/repository/com/github/docker-java/docker-java-api/3.4.0/docker-java-api-3.4.0.jar:/home/seshu/.m2/repository/com/github/docker-java/docker-java-transport-zerodep/3.4.0/docker-java-transport-zerodep-3.4.0.jar:/home/seshu/.m2/repository/com/github/docker-java/docker-java-transport/3.4.0/docker-java-transport-3.4.0.jar:/home/seshu/.m2/repository/net/java/dev/jna/jna/5.13.0/jna-5.13.0.jar:/home/seshu/.m2/repository/org/testcontainers/rabbitmq/1.18.3/rabbitmq-1.18.3.jar:/home/seshu/.m2/repository/org/testcontainers/elasticsearch/1.18.3/elasticsearch-1.18.3.jar:/home/seshu/.m2/repository/com/github/tomakehurst/wiremock-jre8-standalone/2.35.0/wiremock-jre8-standalone-2.35.0.jar:/home/seshu/.m2/repository/javax/servlet/javax.servlet-api/4.0.1/javax.servlet-api-4.0.1.jar:/home/seshu/.m2/repository/co/elastic/clients/elasticsearch-java/8.11.0/elasticsearch-java-8.11.0.jar:/home/seshu/.m2/repository/org/elasticsearch/client/elasticsearch-rest-client/8.15.5/elasticsearch-rest-client-8.15.5.jar:/home/seshu/.m2/repository/org/apache/httpcomponents/httpasyncclient/4.1.5/httpasyncclient-4.1.5.jar:/home/seshu/.m2/repository/org/apache/httpcomponents/httpcore-nio/4.4.16/httpcore-nio-4.4.16.jar:/home/seshu/.m2/repository/com/google/code/findbugs/jsr305/3.0.2/jsr305-3.0.2.jar:/home/seshu/.m2/repository/jakarta/json/jakarta.json-api/2.1.3/jakarta.json-api-2.1.3.jar:/home/seshu/.m2/repository/org/eclipse/parsson/parsson/1.0.0/parsson-1.0.0.jar:/home/seshu/.m2/repository/io/opentelemetry/opentelemetry-api/1.43.0/opentelemetry-api-1.43.0.jar:/home/seshu/.m2/repository/io/opentelemetry/opentelemetry-context/1.43.0/opentelemetry-context-1.43.0.jar:/home/seshu/.m2/repository/org/springframework/amqp/spring-rabbit-test/3.2.2/spring-rabbit-test-3.2.2.jar:/home/seshu/.m2/repository/org/springframework/amqp/spring-rabbit-junit/3.2.2/spring-rabbit-junit-3.2.2.jar:/home/seshu/.m2/repository/org/hamcrest/hamcrest-library/2.2/hamcrest-library-2.2.jar:/home/seshu/.m2/repository/org/hamcrest/hamcrest-core/2.2/hamcrest-core-2.2.jar:/home/seshu/.m2/repository/org/apache/camel/camel-test-spring-junit5/4.10.0/camel-test-spring-junit5-4.10.0.jar:/home/seshu/.m2/repository/org/apache/camel/camel-test-junit5/4.10.0/camel-test-junit5-4.10.0.jar:/home/seshu/.m2/repository/org/apache/camel/camel-core-languages/4.10.0/camel-core-languages-4.10.0.jar:/home/seshu/.m2/repository/org/apache/camel/camel-spring-xml/4.10.0/camel-spring-xml-4.10.0.jar:/home/seshu/.m2/repository/org/apache/camel/camel-xml-jaxb/4.10.0/camel-xml-jaxb-4.10.0.jar:/home/seshu/.m2/repository/org/glassfish/jaxb/jaxb-runtime/4.0.5/jaxb-runtime-4.0.5.jar:/home/seshu/.m2/repository/org/glassfish/jaxb/jaxb-core/4.0.5/jaxb-core-4.0.5.jar:/home/seshu/.m2/repository/org/eclipse/angus/angus-activation/2.0.2/angus-activation-2.0.2.jar:/home/seshu/.m2/repository/org/glassfish/jaxb/txw2/4.0.5/txw2-4.0.5.jar:/home/seshu/.m2/repository/com/sun/istack/istack-commons-runtime/4.1.2/istack-commons-runtime-4.1.2.jar:/home/seshu/.m2/repository/org/apache/camel/camel-core-xml/4.10.0/camel-core-xml-4.10.0.jar:/home/seshu/.m2/repository/org/apache/httpcomponents/httpcore/4.4.16/httpcore-4.4.16.jar:"/>
    <property name="sun.cpu.endian" value="little"/>
    <property name="user.home" value="/home/seshu"/>
    <property name="user.language" value="en"/>
    <property name="java.specification.vendor" value="Oracle Corporation"/>
    <property name="java.version.date" value="2025-07-15"/>
    <property name="java.home" value="/usr/lib/jvm/java-21-openjdk-amd64"/>
    <property name="file.separator" value="/"/>
    <property name="basedir" value="/home/seshu/Documents/Java/camel-mq-processor"/>
    <property name="java.vm.compressedOopsMode" value="Zero based"/>
    <property name="line.separator" value="&#10;"/>
    <property name="java.vm.specification.vendor" value="Oracle Corporation"/>
    <property name="java.specification.name" value="Java Platform API Specification"/>
    <property name="FILE_LOG_CHARSET" value="UTF-8"/>
    <property name="java.awt.headless" value="true"/>
    <property name="surefire.real.class.path" value="/home/seshu/Documents/Java/camel-mq-processor/target/surefire/surefirebooter-20250812083746787_3.jar"/>
    <property name="sun.management.compiler" value="HotSpot 64-Bit Tiered Compilers"/>
    <property name="java.runtime.version" value="21.0.8+9-Ubuntu-0ubuntu124.04.1"/>
    <property name="user.name" value="seshu"/>
    <property name="stdout.encoding" value="UTF-8"/>
    <property name="path.separator" value=":"/>
    <property name="os.version" value="6.14.0-27-generic"/>
    <property name="java.runtime.name" value="OpenJDK Runtime Environment"/>
    <property name="file.encoding" value="UTF-8"/>
    <property name="FILE_LOG_PATTERN" value="%d{yyyy-MM-dd HH:mm:ss} [%thread] %-5level [%X{partner}] %logger{36} - %msg%n"/>
    <property name="java.vm.name" value="OpenJDK 64-Bit Server VM"/>
    <property name="localRepository" value="/home/seshu/.m2/repository"/>
    <property name="java.vendor.url.bug" value="https://bugs.launchpad.net/ubuntu/+source/openjdk-21"/>
    <property name="java.io.tmpdir" value="/tmp"/>
    <property name="java.version" value="21.0.8"/>
    <property name="user.dir" value="/home/seshu/Documents/Java/camel-mq-processor"/>
    <property name="os.arch" value="amd64"/>
    <property name="java.vm.specification.name" value="Java Virtual Machine Specification"/>
    <property name="PID" value="16052"/>
    <property name="CONSOLE_LOG_CHARSET" value="UTF-8"/>
    <property name="native.encoding" value="UTF-8"/>
    <property name="java.library.path" value="/home/seshu/ext/ParticleMesher/ParticleMesherPy::/usr/java/packages/lib:/usr/lib/x86_64-linux-gnu/jni:/lib/x86_64-linux-gnu:/usr/lib/x86_64-linux-gnu:/usr/lib/jni:/lib:/usr/lib"/>
    <property name="java.vm.info" value="mixed mode, sharing"/>
    <property name="stderr.encoding" value="UTF-8"/>
    <property name="java.vendor" value="Ubuntu"/>
    <property name="java.vm.version" value="21.0.8+9-Ubuntu-0ubuntu124.04.1"/>
    <property name="sun.io.unicode.encoding" value="UnicodeLittle"/>
    <property name="java.class.version" value="65.0"/>
    <property name="CONSOLE_LOG_PATTERN" value="%d{yyyy-MM-dd HH:mm:ss} [%thread] %-5level [%X{partner}] %logger{36} - %msg%n"/>
    <property name="LOGGED_APPLICATION_NAME" value="[camel-mq-processor-enhanced] "/>
  </properties>
  <testcase name="demonstrateHighVolumeScenario" classname="com.company.camel.ThreadBlockingDemoTest" time="2.534">
    <system-out><![CDATA[
  .   ____          _            __ _ _
 /\\ / ___'_ __ _ _(_)_ __  __ _ \ \ \ \
( ( )\___ | '_ | '_| | '_ \/ _` | \ \ \ \
 \\/  ___)| |_)| | | | | || (_| |  ) ) ) )
  '  |____| .__|_| |_|_| |_\__, | / / / /
 =========|_|==============|___/=/_/_/_/

 :: Spring Boot ::                (v3.4.2)

2025-08-12 08:37:47 [main] WARN  [] o.s.b.t.j.DuplicateJsonObjectContextCustomizerFactory$DuplicateJsonObjectContextCustomizer - 

Found multiple occurrences of org.json.JSONObject on the class path:

	jar:file:/home/seshu/.m2/repository/org/json/json/20230618/json-20230618.jar!/org/json/JSONObject.class
	jar:file:/home/seshu/.m2/repository/com/vaadin/external/google/android-json/0.0.20131108.vaadin1/android-json-0.0.20131108.vaadin1.jar!/org/json/JSONObject.class

You may wish to exclude one of them to ensure predictable runtime behavior

2025-08-12 08:37:47 [main] INFO  [] c.c.camel.ThreadBlockingDemoTest - Starting ThreadBlockingDemoTest using Java 21.0.8 with PID 16052 (started by seshu in /home/seshu/Documents/Java/camel-mq-processor)
2025-08-12 08:37:47 [main] INFO  [] c.c.camel.ThreadBlockingDemoTest - The following 1 profile is active: "test"
2025-08-12 08:37:47 [main] INFO  [] c.c.c.m.PartnerThreadPoolManager - 🚀 PartnerThreadPoolManager initialized - Ready to isolate those threads!
2025-08-12 08:37:47 [main] INFO  [] c.c.c.m.PartnerCircuitBreakerManager - 🔥 PartnerCircuitBreakerManager initialized - Ready to break some circuits!
2025-08-12 08:37:47 [main] INFO  [] c.c.camel.ThreadBlockingDemoTest - Started ThreadBlockingDemoTest in 0.479 seconds (process running for 1.146)
2025-08-12 08:37:48 [main] INFO  [] c.c.camel.ThreadBlockingDemoTest - 🚀 DEMONSTRATING HIGH-VOLUME SCENARIO
2025-08-12 08:37:48 [main] INFO  [] c.c.camel.ThreadBlockingDemoTest - 📊 Simulating 100 million messages per day across 200 partners
2025-08-12 08:37:48 [main] INFO  [] c.c.c.m.PartnerThreadPoolManager - 🎯 Creating new thread pool for partner: AMAZON
2025-08-12 08:37:48 [main] INFO  [] c.c.c.m.PartnerThreadPoolManager - ✅ Thread pool created for partner: AMAZON with core=5, max=20, queue=1000
2025-08-12 08:37:48 [main] INFO  [] c.c.c.m.PartnerThreadPoolManager - 🎯 Creating new thread pool for partner: FLIPKART
2025-08-12 08:37:48 [main] INFO  [] c.c.c.m.PartnerThreadPoolManager - ✅ Thread pool created for partner: FLIPKART with core=5, max=20, queue=1000
2025-08-12 08:37:48 [main] INFO  [] c.c.c.m.PartnerThreadPoolManager - 🎯 Creating new thread pool for partner: MYNTRA
2025-08-12 08:37:48 [main] INFO  [] c.c.c.m.PartnerThreadPoolManager - ✅ Thread pool created for partner: MYNTRA with core=5, max=20, queue=1000
2025-08-12 08:37:48 [main] INFO  [] c.c.c.m.PartnerThreadPoolManager - 🎯 Creating new thread pool for partner: MEESHO
2025-08-12 08:37:48 [main] INFO  [] c.c.c.m.PartnerThreadPoolManager - ✅ Thread pool created for partner: MEESHO with core=5, max=20, queue=1000
2025-08-12 08:37:48 [main] INFO  [] c.c.c.m.PartnerThreadPoolManager - 🎯 Creating new thread pool for partner: SHOPCLUES
2025-08-12 08:37:48 [main] INFO  [] c.c.c.m.PartnerThreadPoolManager - ✅ Thread pool created for partner: SHOPCLUES with core=5, max=20, queue=1000
2025-08-12 08:37:50 [main] INFO  [] c.c.camel.ThreadBlockingDemoTest - 📊 HIGH-VOLUME PROCESSING RESULTS:
2025-08-12 08:37:50 [main] INFO  [] c.c.camel.ThreadBlockingDemoTest - ✅ Total messages processed: 1000
2025-08-12 08:37:50 [main] INFO  [] c.c.camel.ThreadBlockingDemoTest - ⏱️  Total time: 2018ms
2025-08-12 08:37:50 [main] INFO  [] c.c.camel.ThreadBlockingDemoTest - 🚀 Throughput: 495.5401387512388 messages/second
2025-08-12 08:37:50 [main] INFO  [] c.c.camel.ThreadBlockingDemoTest - 🎯 All completed within timeout: true
2025-08-12 08:37:50 [main] INFO  [] c.c.camel.ThreadBlockingDemoTest - 📈 AMAZON - Completed: 200, Active: 0, Queue: 0
2025-08-12 08:37:50 [main] INFO  [] c.c.camel.ThreadBlockingDemoTest - 📈 FLIPKART - Completed: 200, Active: 0, Queue: 0
2025-08-12 08:37:50 [main] INFO  [] c.c.camel.ThreadBlockingDemoTest - 📈 MYNTRA - Completed: 200, Active: 0, Queue: 0
2025-08-12 08:37:50 [main] INFO  [] c.c.camel.ThreadBlockingDemoTest - 📈 MEESHO - Completed: 200, Active: 0, Queue: 0
2025-08-12 08:37:50 [main] INFO  [] c.c.camel.ThreadBlockingDemoTest - 📈 SHOPCLUES - Completed: 200, Active: 0, Queue: 0
2025-08-12 08:37:50 [main] INFO  [] c.c.camel.ThreadBlockingDemoTest - 🎉 THREAD ISOLATION HANDLES HIGH VOLUME PERFECTLY!
]]></system-out>
    <system-err><![CDATA[Mockito is currently self-attaching to enable the inline-mock-maker. This will no longer work in future releases of the JDK. Please add Mockito as an agent to your build what is described in Mockito's documentation: https://javadoc.io/doc/org.mockito/mockito-core/latest/org/mockito/Mockito.html#0.3
WARNING: A Java agent has been loaded dynamically (/home/seshu/.m2/repository/net/bytebuddy/byte-buddy-agent/1.15.11/byte-buddy-agent-1.15.11.jar)
WARNING: If a serviceability tool is in use, please run with -XX:+EnableDynamicAgentLoading to hide this warning
WARNING: If a serviceability tool is not in use, please run with -Djdk.instrument.traceUsage for more information
WARNING: Dynamic loading of agents will be disallowed by default in a future release
]]></system-err>
  </testcase>
  <testcase name="demonstrateNightmareScenario" classname="com.company.camel.ThreadBlockingDemoTest" time="0.216">
    <system-out><![CDATA[2025-08-12 08:37:50 [main] INFO  [] c.c.camel.ThreadBlockingDemoTest - 💀 DEMONSTRATING YOUR ORIGINAL NIGHTMARE SCENARIO...
2025-08-12 08:37:50 [main] INFO  [] c.c.camel.ThreadBlockingDemoTest - 🎯 Simulating 200 partners processing messages simultaneously
2025-08-12 08:37:50 [main] INFO  [] c.c.camel.ThreadBlockingDemoTest - 💥 One partner (BADPARTNER) starts failing and hanging...
2025-08-12 08:37:50 [main] INFO  [] c.c.camel.ThreadBlockingDemoTest - 🚀 Starting message processing for all partners...
2025-08-12 08:37:50 [main] INFO  [] c.c.c.m.PartnerThreadPoolManager - 🎯 Creating new thread pool for partner: PARTNER_1
2025-08-12 08:37:50 [main] INFO  [] c.c.c.m.PartnerThreadPoolManager - ✅ Thread pool created for partner: PARTNER_1 with core=5, max=20, queue=1000
2025-08-12 08:37:50 [main] INFO  [] c.c.c.m.PartnerThreadPoolManager - 🎯 Creating new thread pool for partner: PARTNER_2
2025-08-12 08:37:50 [main] INFO  [] c.c.c.m.PartnerThreadPoolManager - ✅ Thread pool created for partner: PARTNER_2 with core=5, max=20, queue=1000
2025-08-12 08:37:50 [main] INFO  [] c.c.c.m.PartnerThreadPoolManager - 🎯 Creating new thread pool for partner: PARTNER_3
2025-08-12 08:37:50 [main] INFO  [] c.c.c.m.PartnerThreadPoolManager - ✅ Thread pool created for partner: PARTNER_3 with core=5, max=20, queue=1000
2025-08-12 08:37:50 [main] INFO  [] c.c.c.m.PartnerThreadPoolManager - 🎯 Creating new thread pool for partner: PARTNER_4
2025-08-12 08:37:50 [main] INFO  [] c.c.c.m.PartnerThreadPoolManager - ✅ Thread pool created for partner: PARTNER_4 with core=5, max=20, queue=1000
2025-08-12 08:37:50 [main] INFO  [] c.c.c.m.PartnerThreadPoolManager - 🎯 Creating new thread pool for partner: PARTNER_5
2025-08-12 08:37:50 [main] INFO  [] c.c.c.m.PartnerThreadPoolManager - ✅ Thread pool created for partner: PARTNER_5 with core=5, max=20, queue=1000
2025-08-12 08:37:50 [main] INFO  [] c.c.c.m.PartnerThreadPoolManager - 🎯 Creating new thread pool for partner: PARTNER_6
2025-08-12 08:37:50 [main] INFO  [] c.c.c.m.PartnerThreadPoolManager - ✅ Thread pool created for partner: PARTNER_6 with core=5, max=20, queue=1000
2025-08-12 08:37:50 [main] INFO  [] c.c.c.m.PartnerThreadPoolManager - 🎯 Creating new thread pool for partner: PARTNER_7
2025-08-12 08:37:50 [main] INFO  [] c.c.c.m.PartnerThreadPoolManager - ✅ Thread pool created for partner: PARTNER_7 with core=5, max=20, queue=1000
2025-08-12 08:37:50 [main] INFO  [] c.c.c.m.PartnerThreadPoolManager - 🎯 Creating new thread pool for partner: PARTNER_8
2025-08-12 08:37:50 [main] INFO  [] c.c.c.m.PartnerThreadPoolManager - ✅ Thread pool created for partner: PARTNER_8 with core=5, max=20, queue=1000
2025-08-12 08:37:50 [main] INFO  [] c.c.c.m.PartnerThreadPoolManager - 🎯 Creating new thread pool for partner: PARTNER_9
2025-08-12 08:37:50 [main] INFO  [] c.c.c.m.PartnerThreadPoolManager - ✅ Thread pool created for partner: PARTNER_9 with core=5, max=20, queue=1000
2025-08-12 08:37:50 [main] INFO  [] c.c.c.m.PartnerThreadPoolManager - 🎯 Creating new thread pool for partner: PARTNER_10
2025-08-12 08:37:50 [main] INFO  [] c.c.c.m.PartnerThreadPoolManager - ✅ Thread pool created for partner: PARTNER_10 with core=5, max=20, queue=1000
2025-08-12 08:37:50 [main] WARN  [] c.c.camel.ThreadBlockingDemoTest - 💀 Starting the BAD PARTNER that hangs and fails...
2025-08-12 08:37:50 [main] INFO  [] c.c.c.m.PartnerThreadPoolManager - 🎯 Creating new thread pool for partner: BADPARTNER
2025-08-12 08:37:50 [main] INFO  [] c.c.c.m.PartnerThreadPoolManager - ✅ Thread pool created for partner: BADPARTNER with core=5, max=20, queue=1000
2025-08-12 08:37:50 [Partner-BADPARTNER-Thread-1] WARN  [] c.c.camel.ThreadBlockingDemoTest - 💀 BADPARTNER processing message 0 on Partner-BADPARTNER-Thread-1 - THIS WILL FAIL!
2025-08-12 08:37:50 [Partner-BADPARTNER-Thread-2] WARN  [] c.c.camel.ThreadBlockingDemoTest - 💀 BADPARTNER processing message 1 on Partner-BADPARTNER-Thread-2 - THIS WILL FAIL!
2025-08-12 08:37:50 [Partner-BADPARTNER-Thread-3] WARN  [] c.c.camel.ThreadBlockingDemoTest - 💀 BADPARTNER processing message 2 on Partner-BADPARTNER-Thread-3 - THIS WILL FAIL!
2025-08-12 08:37:50 [main] INFO  [] c.c.camel.ThreadBlockingDemoTest - 📊 RESULTS OF THE NIGHTMARE SCENARIO:
2025-08-12 08:37:50 [main] INFO  [] c.c.camel.ThreadBlockingDemoTest - ✅ Good partners successfully processed: 50 messages
2025-08-12 08:37:50 [main] INFO  [] c.c.camel.ThreadBlockingDemoTest - 💀 Bad partner: ISOLATED and didn't affect others!
2025-08-12 08:37:50 [main] INFO  [] c.c.camel.ThreadBlockingDemoTest - 📈 PARTNER_1 - Pool: active=0, completed=5, healthy=true
2025-08-12 08:37:50 [main] INFO  [] c.c.camel.ThreadBlockingDemoTest - 📈 PARTNER_2 - Pool: active=0, completed=5, healthy=true
2025-08-12 08:37:50 [main] INFO  [] c.c.camel.ThreadBlockingDemoTest - 📈 PARTNER_3 - Pool: active=0, completed=5, healthy=true
2025-08-12 08:37:50 [main] INFO  [] c.c.camel.ThreadBlockingDemoTest - 📈 PARTNER_4 - Pool: active=0, completed=5, healthy=true
2025-08-12 08:37:50 [main] INFO  [] c.c.camel.ThreadBlockingDemoTest - 📈 PARTNER_5 - Pool: active=0, completed=5, healthy=true
2025-08-12 08:37:50 [main] INFO  [] c.c.camel.ThreadBlockingDemoTest - 📈 PARTNER_6 - Pool: active=0, completed=5, healthy=true
2025-08-12 08:37:50 [main] INFO  [] c.c.camel.ThreadBlockingDemoTest - 📈 PARTNER_7 - Pool: active=0, completed=5, healthy=true
2025-08-12 08:37:50 [main] INFO  [] c.c.camel.ThreadBlockingDemoTest - 📈 PARTNER_8 - Pool: active=0, completed=5, healthy=true
2025-08-12 08:37:50 [main] INFO  [] c.c.camel.ThreadBlockingDemoTest - 📈 PARTNER_9 - Pool: active=0, completed=5, healthy=true
2025-08-12 08:37:50 [main] INFO  [] c.c.camel.ThreadBlockingDemoTest - 📈 PARTNER_10 - Pool: active=0, completed=5, healthy=true
2025-08-12 08:37:50 [main] INFO  [] c.c.camel.ThreadBlockingDemoTest - ⚡ BADPARTNER Circuit Breaker - State: CLOSED, Failures: 0, Success Rate: 101.0%
2025-08-12 08:37:50 [main] INFO  [] c.c.camel.ThreadBlockingDemoTest - 🎉 SUCCESS! In the old system, ALL partners would be blocked!
2025-08-12 08:37:50 [main] INFO  [] c.c.camel.ThreadBlockingDemoTest - 🚀 In the NEW system, only the bad partner is affected!
2025-08-12 08:37:50 [main] INFO  [] c.c.camel.ThreadBlockingDemoTest - ✅ Thread isolation SAVED THE DAY!
]]></system-out>
  </testcase>
</testsuite>